2022-09-26 10:10:40,823:websocket connected
2022-09-26 14:00:00,080:error from callback <function on_message at 0x0000017D536EE160>: [Errno 22] Invalid argument
2022-09-26 14:15:00,366:error from callback <function on_message at 0x0000017D536EE160>: [Errno 22] Invalid argument
2022-09-26 14:30:00,000:error from callback <function on_message at 0x0000017D536EE160>: [Errno 22] Invalid argument
2022-09-26 14:45:00,093:error from callback <function on_message at 0x0000017D536EE160>: [Errno 22] Invalid argument
2022-09-26 15:00:00,747:error from callback <function on_message at 0x0000017D536EE160>: [Errno 22] Invalid argument
2022-09-26 15:14:59,962:error from callback <function on_message at 0x0000017D536EE160>: [Errno 22] Invalid argument
2022-09-26 15:29:59,956:error from callback <function on_message at 0x0000017D536EE160>: [Errno 22] Invalid argument
2022-09-26 15:45:00,004:error from callback <function on_message at 0x0000017D536EE160>: [Errno 22] Invalid argument
2022-09-26 15:59:59,981:error from callback <function on_message at 0x0000017D536EE160>: [Errno 22] Invalid argument
2022-09-26 16:08:50,652:websocket connected
2022-09-26 16:14:59,930:error from callback <function on_message at 0x0000017D536EE160>: [Errno 22] Invalid argument
2022-09-26 16:26:49,113: - goodbye
2022-09-26 16:26:49,446:error from callback <function on_close at 0x000001B93FCEB040>: on_close() takes 1 positional argument but 3 were given
2022-09-26 16:26:55,369:websocket connected
2022-09-26 16:29:59,931:error from callback <function on_message at 0x0000017D536EE160>: [Errno 22] Invalid argument
2022-09-26 16:45:00,098:error from callback <function on_message at 0x0000017D536EE160>: [Errno 22] Invalid argument
2022-09-26 16:59:59,942:error from callback <function on_message at 0x0000017D536EE160>: [Errno 22] Invalid argument
2022-09-26 17:15:00,047:error from callback <function on_message at 0x0000017D536EE160>: [Errno 22] Invalid argument
2022-09-26 17:29:59,892:error from callback <function on_message at 0x0000017D536EE160>: [Errno 22] Invalid argument
2022-09-26 17:44:59,931:error from callback <function on_message at 0x0000017D536EE160>: [Errno 22] Invalid argument
2022-09-26 17:59:59,903:error from callback <function on_message at 0x0000017D536EE160>: [Errno 22] Invalid argument
2022-09-26 18:14:59,941:error from callback <function on_message at 0x0000017D536EE160>: [Errno 22] Invalid argument
2022-09-26 18:29:59,875:error from callback <function on_message at 0x0000017D536EE160>: [Errno 22] Invalid argument
2022-09-26 18:44:59,928:error from callback <function on_message at 0x0000017D536EE160>: [Errno 22] Invalid argument
2022-09-26 18:59:59,909:error from callback <function on_message at 0x0000017D536EE160>: [Errno 22] Invalid argument
2022-09-26 19:14:59,891:error from callback <function on_message at 0x0000017D536EE160>: [Errno 22] Invalid argument
2022-09-26 19:29:59,847:error from callback <function on_message at 0x0000017D536EE160>: [Errno 22] Invalid argument
2022-09-26 19:44:59,841:error from callback <function on_message at 0x0000017D536EE160>: [Errno 22] Invalid argument
2022-09-26 19:59:59,838:error from callback <function on_message at 0x0000017D536EE160>: [Errno 22] Invalid argument
2022-09-26 20:14:59,806:error from callback <function on_message at 0x0000017D536EE160>: [Errno 22] Invalid argument
2022-09-26 20:29:59,811:error from callback <function on_message at 0x0000017D536EE160>: [Errno 22] Invalid argument
2022-09-26 20:44:59,811:error from callback <function on_message at 0x0000017D536EE160>: [Errno 22] Invalid argument
2022-09-26 20:59:59,763:error from callback <function on_message at 0x0000017D536EE160>: [Errno 22] Invalid argument
2022-09-26 21:14:59,827:error from callback <function on_message at 0x0000017D536EE160>: [Errno 22] Invalid argument
2022-09-26 21:29:59,811:error from callback <function on_message at 0x0000017D536EE160>: [Errno 22] Invalid argument
2022-09-26 21:44:59,762:error from callback <function on_message at 0x0000017D536EE160>: [Errno 22] Invalid argument
2022-09-26 21:59:59,756:error from callback <function on_message at 0x0000017D536EE160>: [Errno 22] Invalid argument
2022-09-26 22:14:59,740:error from callback <function on_message at 0x0000017D536EE160>: [Errno 22] Invalid argument
2022-09-26 22:29:59,753:error from callback <function on_message at 0x0000017D536EE160>: [Errno 22] Invalid argument
2022-09-26 22:44:59,991:error from callback <function on_message at 0x0000017D536EE160>: [Errno 22] Invalid argument
2022-09-26 22:59:59,753:error from callback <function on_message at 0x0000017D536EE160>: [Errno 22] Invalid argument
2022-09-26 23:14:59,973:error from callback <function on_message at 0x0000017D536EE160>: [Errno 22] Invalid argument
2022-09-26 23:29:59,758:error from callback <function on_message at 0x0000017D536EE160>: [Errno 22] Invalid argument
2022-09-26 23:44:59,772:error from callback <function on_message at 0x0000017D536EE160>: [Errno 22] Invalid argument
2022-09-26 23:59:59,716:error from callback <function on_message at 0x0000017D536EE160>: [Errno 22] Invalid argument
2022-09-27 00:14:59,840:error from callback <function on_message at 0x0000017D536EE160>: [Errno 22] Invalid argument
2022-09-27 00:29:59,704:error from callback <function on_message at 0x0000017D536EE160>: [Errno 22] Invalid argument
2022-09-27 00:44:59,746:error from callback <function on_message at 0x0000017D536EE160>: [Errno 22] Invalid argument
2022-09-27 00:59:59,688:error from callback <function on_message at 0x0000017D536EE160>: [Errno 22] Invalid argument
2022-09-27 01:14:59,771:error from callback <function on_message at 0x0000017D536EE160>: [Errno 22] Invalid argument
2022-09-27 01:29:59,675:error from callback <function on_message at 0x0000017D536EE160>: [Errno 22] Invalid argument
2022-09-27 01:44:59,716:error from callback <function on_message at 0x0000017D536EE160>: [Errno 22] Invalid argument
2022-09-27 01:59:59,655:error from callback <function on_message at 0x0000017D536EE160>: [Errno 22] Invalid argument
2022-09-27 02:14:59,658:error from callback <function on_message at 0x0000017D536EE160>: [Errno 22] Invalid argument
2022-09-27 02:30:14,787:error from callback <function on_message at 0x0000017D536EE160>: [Errno 22] Invalid argument
2022-09-27 02:45:00,063:error from callback <function on_message at 0x0000017D536EE160>: [Errno 22] Invalid argument
2022-09-27 02:59:59,596:error from callback <function on_message at 0x0000017D536EE160>: [Errno 22] Invalid argument
2022-09-27 03:14:59,638:error from callback <function on_message at 0x0000017D536EE160>: [Errno 22] Invalid argument
2022-09-27 03:29:59,582:error from callback <function on_message at 0x0000017D536EE160>: [Errno 22] Invalid argument
2022-09-27 03:44:59,577:error from callback <function on_message at 0x0000017D536EE160>: [Errno 22] Invalid argument
2022-09-27 03:59:59,610:error from callback <function on_message at 0x0000017D536EE160>: [Errno 22] Invalid argument
2022-09-27 04:14:59,593:error from callback <function on_message at 0x0000017D536EE160>: [Errno 22] Invalid argument
2022-09-27 04:29:59,576:error from callback <function on_message at 0x0000017D536EE160>: [Errno 22] Invalid argument
2022-09-27 04:44:59,578:error from callback <function on_message at 0x0000017D536EE160>: [Errno 22] Invalid argument
2022-09-27 04:59:59,543:error from callback <function on_message at 0x0000017D536EE160>: [Errno 22] Invalid argument
2022-09-27 05:14:59,614:error from callback <function on_message at 0x0000017D536EE160>: [Errno 22] Invalid argument
2022-09-27 05:29:59,539:error from callback <function on_message at 0x0000017D536EE160>: [Errno 22] Invalid argument
2022-09-27 05:44:59,565:error from callback <function on_message at 0x0000017D536EE160>: [Errno 22] Invalid argument
2022-09-27 05:59:59,550:error from callback <function on_message at 0x0000017D536EE160>: [Errno 22] Invalid argument
2022-09-27 06:14:59,528:error from callback <function on_message at 0x0000017D536EE160>: [Errno 22] Invalid argument
2022-09-27 06:29:59,509:error from callback <function on_message at 0x0000017D536EE160>: [Errno 22] Invalid argument
2022-09-27 06:44:59,557:error from callback <function on_message at 0x0000017D536EE160>: [Errno 22] Invalid argument
2022-09-27 06:59:59,540:error from callback <function on_message at 0x0000017D536EE160>: [Errno 22] Invalid argument
2022-09-27 07:14:59,496:error from callback <function on_message at 0x0000017D536EE160>: [Errno 22] Invalid argument
2022-09-27 07:29:59,503:error from callback <function on_message at 0x0000017D536EE160>: [Errno 22] Invalid argument
2022-09-27 07:44:59,479:error from callback <function on_message at 0x0000017D536EE160>: [Errno 22] Invalid argument
2022-09-27 07:59:59,500:error from callback <function on_message at 0x0000017D536EE160>: [Errno 22] Invalid argument
2022-09-27 08:14:59,450:error from callback <function on_message at 0x0000017D536EE160>: [Errno 22] Invalid argument
2022-09-27 08:29:59,502:error from callback <function on_message at 0x0000017D536EE160>: [Errno 22] Invalid argument
2022-09-27 08:44:59,551:error from callback <function on_message at 0x0000017D536EE160>: [Errno 22] Invalid argument
2022-09-27 08:59:59,455:error from callback <function on_message at 0x0000017D536EE160>: [Errno 22] Invalid argument
2022-09-27 09:14:59,447:error from callback <function on_message at 0x0000017D536EE160>: [Errno 22] Invalid argument
2022-09-27 09:29:59,433:error from callback <function on_message at 0x0000017D536EE160>: [Errno 22] Invalid argument
2022-09-27 09:44:59,419:error from callback <function on_message at 0x0000017D536EE160>: [Errno 22] Invalid argument
2022-09-27 09:59:59,453:error from callback <function on_message at 0x0000017D536EE160>: [Errno 22] Invalid argument
2022-09-27 10:14:59,425:error from callback <function on_message at 0x0000017D536EE160>: [Errno 22] Invalid argument
2022-09-27 10:29:59,438:error from callback <function on_message at 0x0000017D536EE160>: [Errno 22] Invalid argument
2022-09-27 10:44:59,532:error from callback <function on_message at 0x0000017D536EE160>: [Errno 22] Invalid argument
2022-09-27 10:59:59,418:error from callback <function on_message at 0x0000017D536EE160>: [Errno 22] Invalid argument
2022-09-27 11:14:59,470:error from callback <function on_message at 0x0000017D536EE160>: [Errno 22] Invalid argument
2022-09-27 11:29:59,435:error from callback <function on_message at 0x0000017D536EE160>: [Errno 22] Invalid argument
2022-09-27 11:44:59,628:error from callback <function on_message at 0x0000017D536EE160>: [Errno 22] Invalid argument
2022-09-27 11:59:59,375:error from callback <function on_message at 0x0000017D536EE160>: [Errno 22] Invalid argument
2022-09-27 12:14:59,373:error from callback <function on_message at 0x0000017D536EE160>: [Errno 22] Invalid argument
2022-09-27 12:29:59,354:error from callback <function on_message at 0x0000017D536EE160>: [Errno 22] Invalid argument
2022-09-27 12:44:59,397:error from callback <function on_message at 0x0000017D536EE160>: [Errno 22] Invalid argument
2022-09-27 12:59:59,363:error from callback <function on_message at 0x0000017D536EE160>: [Errno 22] Invalid argument
2022-09-27 13:14:59,315:error from callback <function on_message at 0x0000017D536EE160>: [Errno 22] Invalid argument
2022-09-27 13:29:59,354:error from callback <function on_message at 0x0000017D536EE160>: [Errno 22] Invalid argument
2022-09-27 13:44:59,308:error from callback <function on_message at 0x0000017D536EE160>: [Errno 22] Invalid argument
2022-09-27 13:59:59,289:error from callback <function on_message at 0x0000017D536EE160>: [Errno 22] Invalid argument
2022-09-27 14:14:59,274:error from callback <function on_message at 0x0000017D536EE160>: [Errno 22] Invalid argument
2022-09-27 14:29:59,265:error from callback <function on_message at 0x0000017D536EE160>: [Errno 22] Invalid argument
2022-09-27 14:44:59,297:error from callback <function on_message at 0x0000017D536EE160>: [Errno 22] Invalid argument
2022-09-27 14:59:59,296:error from callback <function on_message at 0x0000017D536EE160>: [Errno 22] Invalid argument
2022-09-27 15:14:59,289:error from callback <function on_message at 0x0000017D536EE160>: [Errno 22] Invalid argument
2022-09-27 15:29:59,273:error from callback <function on_message at 0x0000017D536EE160>: [Errno 22] Invalid argument
2022-09-27 15:44:59,270:error from callback <function on_message at 0x0000017D536EE160>: [Errno 22] Invalid argument
2022-09-27 15:59:59,252:error from callback <function on_message at 0x0000017D536EE160>: [Errno 22] Invalid argument
2022-09-27 16:14:59,344:error from callback <function on_message at 0x0000017D536EE160>: [Errno 22] Invalid argument
2022-09-27 16:29:59,229:error from callback <function on_message at 0x0000017D536EE160>: [Errno 22] Invalid argument
2022-09-27 16:44:59,302:error from callback <function on_message at 0x0000017D536EE160>: [Errno 22] Invalid argument
2022-09-27 16:59:59,238:error from callback <function on_message at 0x0000017D536EE160>: [Errno 22] Invalid argument
2022-09-27 17:14:59,205:error from callback <function on_message at 0x0000017D536EE160>: [Errno 22] Invalid argument
2022-09-27 17:29:59,181:error from callback <function on_message at 0x0000017D536EE160>: [Errno 22] Invalid argument
2022-09-27 17:44:59,193:error from callback <function on_message at 0x0000017D536EE160>: [Errno 22] Invalid argument
2022-09-27 17:59:59,165:error from callback <function on_message at 0x0000017D536EE160>: [Errno 22] Invalid argument
2022-09-27 18:14:59,187:error from callback <function on_message at 0x0000017D536EE160>: [Errno 22] Invalid argument
2022-09-27 18:29:59,183:error from callback <function on_message at 0x0000017D536EE160>: [Errno 22] Invalid argument
2022-09-27 18:44:59,135:error from callback <function on_message at 0x0000017D536EE160>: [Errno 22] Invalid argument
2022-09-27 18:59:59,140:error from callback <function on_message at 0x0000017D536EE160>: [Errno 22] Invalid argument
2022-09-27 19:14:59,201:error from callback <function on_message at 0x0000017D536EE160>: [Errno 22] Invalid argument
2022-09-27 19:29:59,156:error from callback <function on_message at 0x0000017D536EE160>: [Errno 22] Invalid argument
2022-09-27 19:44:59,113:error from callback <function on_message at 0x0000017D536EE160>: [Errno 22] Invalid argument
2022-09-27 19:59:59,109:error from callback <function on_message at 0x0000017D536EE160>: [Errno 22] Invalid argument
2022-09-27 20:14:59,111:error from callback <function on_message at 0x0000017D536EE160>: [Errno 22] Invalid argument
2022-09-27 20:29:59,099:error from callback <function on_message at 0x0000017D536EE160>: [Errno 22] Invalid argument
2022-09-27 20:44:59,073:error from callback <function on_message at 0x0000017D536EE160>: [Errno 22] Invalid argument
2022-09-27 20:59:59,095:error from callback <function on_message at 0x0000017D536EE160>: [Errno 22] Invalid argument
2022-09-27 21:14:59,166:error from callback <function on_message at 0x0000017D536EE160>: [Errno 22] Invalid argument
2022-09-27 21:29:59,100:error from callback <function on_message at 0x0000017D536EE160>: [Errno 22] Invalid argument
2022-09-27 21:44:59,114:error from callback <function on_message at 0x0000017D536EE160>: [Errno 22] Invalid argument
2022-09-27 21:59:59,104:error from callback <function on_message at 0x0000017D536EE160>: [Errno 22] Invalid argument
2022-09-27 22:14:59,365:error from callback <function on_message at 0x0000017D536EE160>: [Errno 22] Invalid argument
2022-09-27 22:29:59,069:error from callback <function on_message at 0x0000017D536EE160>: [Errno 22] Invalid argument
2022-09-27 22:44:59,081:error from callback <function on_message at 0x0000017D536EE160>: [Errno 22] Invalid argument
2022-09-27 22:59:59,053:error from callback <function on_message at 0x0000017D536EE160>: [Errno 22] Invalid argument
2022-09-27 23:14:59,028:error from callback <function on_message at 0x0000017D536EE160>: [Errno 22] Invalid argument
2022-09-27 23:29:59,030:error from callback <function on_message at 0x0000017D536EE160>: [Errno 22] Invalid argument
2022-09-27 23:44:59,068:error from callback <function on_message at 0x0000017D536EE160>: [Errno 22] Invalid argument
2022-09-27 23:59:59,007:error from callback <function on_message at 0x0000017D536EE160>: [Errno 22] Invalid argument
2022-09-28 00:14:58,980:error from callback <function on_message at 0x0000017D536EE160>: [Errno 22] Invalid argument
2022-09-28 00:29:58,980:error from callback <function on_message at 0x0000017D536EE160>: [Errno 22] Invalid argument
2022-09-30 13:02:31,084:[WinError 10054] An existing connection was forcibly closed by the remote host - goodbye
2022-09-30 13:02:31,121:[WinError 10054] An existing connection was forcibly closed by the remote host - goodbye
2022-09-30 13:02:31,528:error from callback <function on_close at 0x0000017D536EE040>: on_close() takes 1 positional argument but 3 were given
2022-09-30 13:02:31,591:error from callback <function on_close at 0x000001481CAAA040>: on_close() takes 1 positional argument but 3 were given
2022-10-06 15:39:15,212:websocket connected
2022-10-06 15:39:30,208: - goodbye
2022-10-06 15:39:30,517:error from callback <function on_close at 0x000001952D8A9040>: on_close() takes 1 positional argument but 3 were given
2022-10-06 15:39:37,076:websocket connected
